 Volume in drive C has no label.
 Volume Serial Number is 54F9-C5A9

 Directory of C:\Users\kehor\source\repos\ctsTraffic\Debug

01/14/2021  09:35 PM         2,106,368 ctsTraffic.exe
               1 File(s)      2,106,368 bytes

 Directory of C:\Users\kehor\source\repos\ctsTraffic\Release

01/14/2021  09:34 PM           452,096 ctsTraffic.exe
               1 File(s)        452,096 bytes

 Directory of C:\Users\kehor\source\repos\ctsTraffic\Releases\1.0.1.2\x64

03/04/2020  11:32 PM           441,064 ctsTraffic.exe
               1 File(s)        441,064 bytes

 Directory of C:\Users\kehor\source\repos\ctsTraffic\Releases\1.0.1.2\x86

03/04/2020  11:32 PM           406,248 ctsTraffic.exe
               1 File(s)        406,248 bytes

 Directory of C:\Users\kehor\source\repos\ctsTraffic\Releases\2.0.1.4\x64

03/04/2020  11:32 PM           537,088 ctsTraffic.exe
               1 File(s)        537,088 bytes

 Directory of C:\Users\kehor\source\repos\ctsTraffic\Releases\2.0.1.4\x86

03/04/2020  11:32 PM           453,120 ctsTraffic.exe
               1 File(s)        453,120 bytes

 Directory of C:\Users\kehor\source\repos\ctsTraffic\Releases\2.0.1.7\x64

03/04/2020  11:32 PM           529,408 ctsTraffic.exe
               1 File(s)        529,408 bytes

 Directory of C:\Users\kehor\source\repos\ctsTraffic\Releases\2.0.1.7\x86

03/04/2020  11:32 PM           432,640 ctsTraffic.exe
               1 File(s)        432,640 bytes

 Directory of C:\Users\kehor\source\repos\ctsTraffic\Releases\2.0.2.1\x64

03/04/2020  11:32 PM           548,352 ctsTraffic.exe
               1 File(s)        548,352 bytes

 Directory of C:\Users\kehor\source\repos\ctsTraffic\Releases\2.0.2.1\x86

03/04/2020  11:32 PM           449,024 ctsTraffic.exe
               1 File(s)        449,024 bytes

 Directory of C:\Users\kehor\source\repos\ctsTraffic\Releases\2.0.2.5\arm64

06/15/2020  05:49 PM           574,464 ctsTraffic.exe
               1 File(s)        574,464 bytes

 Directory of C:\Users\kehor\source\repos\ctsTraffic\Releases\2.0.2.5\x64

06/15/2020  05:49 PM           536,576 ctsTraffic.exe
               1 File(s)        536,576 bytes

 Directory of C:\Users\kehor\source\repos\ctsTraffic\Releases\2.0.2.5\x86

06/15/2020  05:50 PM           449,536 ctsTraffic.exe
               1 File(s)        449,536 bytes

 Directory of C:\Users\kehor\source\repos\ctsTraffic\Releases\2.0.2.6\arm

09/21/2020  12:12 AM           441,344 ctsTraffic.exe
               1 File(s)        441,344 bytes

 Directory of C:\Users\kehor\source\repos\ctsTraffic\Releases\2.0.2.6\arm64

09/21/2020  12:11 AM           570,880 ctsTraffic.exe
               1 File(s)        570,880 bytes

 Directory of C:\Users\kehor\source\repos\ctsTraffic\Releases\2.0.2.6\x64

09/21/2020  12:11 AM           534,528 ctsTraffic.exe
               1 File(s)        534,528 bytes

 Directory of C:\Users\kehor\source\repos\ctsTraffic\Releases\2.0.2.6\x86

09/21/2020  12:11 AM           450,048 ctsTraffic.exe
               1 File(s)        450,048 bytes

 Directory of C:\Users\kehor\source\repos\ctsTraffic\x64\Debug

01/14/2021  09:35 PM         2,101,760 ctsTraffic.exe
               1 File(s)      2,101,760 bytes

 Directory of C:\Users\kehor\source\repos\ctsTraffic\x64\Release

01/14/2021  09:33 PM           523,776 ctsTraffic.exe
               1 File(s)        523,776 bytes

     Total Files Listed:
              19 File(s)     12,538,320 bytes
               0 Dir(s)  617,355,612,160 bytes free
